<?xml version="1.0" encoding="UTF-8"?>
<testsuite name="UserTest" tests="10" time="0.165549" failures="0" errors="0" skipped="0" assertions="10">
  <testcase name="test: User should allow email to be set to &quot;fred123@fred.gov&quot;. " time="0.086045" assertions="1">
  </testcase>
  <testcase name="test: User should allow email to be set to &quot;fred@andrew.cmu.edu&quot;. " time="0.007954" assertions="1">
  </testcase>
  <testcase name="test: User should allow email to be set to &quot;fred@fred.com&quot;. " time="0.008661" assertions="1">
  </testcase>
  <testcase name="test: User should allow email to be set to &quot;my.fred@fred.net&quot;. " time="0.008167" assertions="1">
  </testcase>
  <testcase name="test: User should allow email to be set to &quot;my_fred@fred.org&quot;. " time="0.008045" assertions="1">
  </testcase>
  <testcase name="test: User should not allow email to be set to &quot;fred&quot;. " time="0.009516" assertions="1">
  </testcase>
  <testcase name="test: User should not allow email to be set to &quot;fred@fred,com&quot;. " time="0.009688" assertions="1">
  </testcase>
  <testcase name="test: User should not allow email to be set to &quot;fred@fred.con&quot;. " time="0.00868" assertions="1">
  </testcase>
  <testcase name="test: User should not allow email to be set to &quot;fred@fred.uk&quot;. " time="0.008404" assertions="1">
  </testcase>
  <testcase name="test: User should not allow email to be set to &quot;my fred@fred.com&quot;. " time="0.009485" assertions="1">
  </testcase>
  <system-out>
  </system-out>
  <system-err>
  </system-err>
</testsuite>
